10-02-2021 18:07:47 |INFO ||main|c.s.u.UserManagementAppApplication - line = 55|Starting UserManagementAppApplication using Java 11.0.10 on shetu-pc with PID 45094 (/home/shetu/Shetu's_folder/Shetu-Personal/Git/shshetudev-git/User_Management_App/Backend/user_management_app/target/classes started by shetu in /home/shetu/Shetu's_folder/Shetu-Personal/Git/shshetudev-git/User_Management_App/Backend/user_management_app)
10-02-2021 18:07:47 |DEBUG||main|c.s.u.UserManagementAppApplication - line = 56|Running with Spring Boot v2.4.2, Spring v5.3.3
10-02-2021 18:07:47 |INFO ||main|c.s.u.UserManagementAppApplication - line = 664|The following profiles are active: prod
10-02-2021 18:07:48 |INFO ||main|o.s.d.r.c.RepositoryConfigurationDelegate - line = 128|Bootstrapping Spring Data JPA repositories in DEFAULT mode.
10-02-2021 18:07:48 |INFO ||main|o.s.d.r.c.RepositoryConfigurationDelegate - line = 188|Finished Spring Data repository scanning in 46 ms. Found 1 JPA repository interfaces.
10-02-2021 18:07:49 |INFO ||main|o.s.b.w.e.t.TomcatWebServer - line = 108|Tomcat initialized with port(s): 8181 (http)
10-02-2021 18:07:49 |INFO ||main|o.a.c.c.StandardService - line = 173|Starting service [Tomcat]
10-02-2021 18:07:49 |INFO ||main|o.a.c.c.StandardEngine - line = 173|Starting Servlet engine: [Apache Tomcat/9.0.41]
10-02-2021 18:07:49 |INFO ||main|o.a.c.c.C.[.[.[/] - line = 173|Initializing Spring embedded WebApplicationContext
10-02-2021 18:07:49 |INFO ||main|o.s.b.w.s.c.ServletWebServerApplicationContext - line = 289|Root WebApplicationContext: initialization completed in 2002 ms
10-02-2021 18:07:49 |INFO ||main|o.f.c.i.l.VersionPrinter - line = 49|Flyway Community Edition 7.5.2 by Redgate
10-02-2021 18:07:49 |INFO ||main|c.z.h.HikariDataSource - line = 110|HikariPool-1 - Starting...
10-02-2021 18:07:50 |INFO ||main|c.z.h.HikariDataSource - line = 123|HikariPool-1 - Start completed.
10-02-2021 18:07:50 |INFO ||main|o.f.c.i.d.b.DatabaseType - line = 49|Database: jdbc:mysql://localhost:3306/user_management (MySQL 8.0)
10-02-2021 18:07:50 |INFO ||main|o.f.c.i.c.DbValidate - line = 49|Successfully validated 3 migrations (execution time 00:00.041s)
10-02-2021 18:07:50 |INFO ||main|o.f.c.i.c.DbMigrate - line = 49|Current version of schema `flyway_schema`: 1.1
10-02-2021 18:07:50 |INFO ||main|o.f.c.i.c.DbMigrate - line = 49|Schema `flyway_schema` is up to date. No migration necessary.
10-02-2021 18:07:50 |INFO ||main|o.h.j.i.u.LogHelper - line = 31|HHH000204: Processing PersistenceUnitInfo [name: default]
10-02-2021 18:07:50 |INFO ||main|o.h.Version - line = 44|HHH000412: Hibernate ORM core version 5.4.27.Final
10-02-2021 18:07:51 |INFO ||main|o.h.a.c.Version - line = 56|HCANN000001: Hibernate Commons Annotations {5.1.2.Final}
10-02-2021 18:07:51 |INFO ||main|o.h.d.Dialect - line = 175|HHH000400: Using dialect: org.hibernate.dialect.MySQL8Dialect
10-02-2021 18:07:52 |INFO ||main|o.h.e.t.j.p.i.JtaPlatformInitiator - line = 52|HHH000490: Using JtaPlatform implementation: [org.hibernate.engine.transaction.jta.platform.internal.NoJtaPlatform]
10-02-2021 18:07:52 |INFO ||main|o.s.o.j.LocalContainerEntityManagerFactoryBean - line = 437|Initialized JPA EntityManagerFactory for persistence unit 'default'
10-02-2021 18:07:52 |WARN ||main|o.s.b.a.o.j.JpaBaseConfiguration$JpaWebConfiguration - line = 221|spring.jpa.open-in-view is enabled by default. Therefore, database queries may be performed during view rendering. Explicitly configure spring.jpa.open-in-view to disable this warning
10-02-2021 18:07:52 |INFO ||main|o.s.b.a.e.w.EndpointLinksResolver - line = 58|Exposing 3 endpoint(s) beneath base path '/actuator'
10-02-2021 18:07:53 |INFO ||main|s.d.s.w.PropertySourcedRequestMappingHandlerMapping - line = 69|Mapped URL path [/v2/api-docs] onto method [springfox.documentation.swagger2.web.Swagger2Controller#getDocumentation(String, HttpServletRequest)]
10-02-2021 18:07:53 |INFO ||main|o.s.s.c.ThreadPoolTaskExecutor - line = 181|Initializing ExecutorService 'applicationTaskExecutor'
10-02-2021 18:07:53 |INFO ||main|o.s.b.w.e.t.TomcatWebServer - line = 220|Tomcat started on port(s): 8181 (http) with context path ''
10-02-2021 18:07:53 |INFO ||main|s.d.s.w.p.DocumentationPluginsBootstrapper - line = 160|Context refreshed
10-02-2021 18:07:53 |INFO ||main|s.d.s.w.p.DocumentationPluginsBootstrapper - line = 163|Found 1 custom documentation plugin(s)
10-02-2021 18:07:53 |INFO ||main|s.d.s.w.s.ApiListingReferenceScanner - line = 41|Scanning for api listing references
10-02-2021 18:07:53 |INFO ||main|s.d.s.w.r.o.CachingOperationNameGenerator - line = 40|Generating unique operation named: handleUsingGET_1
10-02-2021 18:07:53 |INFO ||main|s.d.s.w.r.o.CachingOperationNameGenerator - line = 40|Generating unique operation named: handleUsingGET_2
10-02-2021 18:07:53 |INFO ||main|s.d.s.w.r.o.CachingOperationNameGenerator - line = 40|Generating unique operation named: handleUsingGET_3
10-02-2021 18:07:53 |INFO ||main|s.d.s.w.r.o.CachingOperationNameGenerator - line = 40|Generating unique operation named: findAllUsersUsingGET_1
10-02-2021 18:07:53 |INFO ||main|c.s.u.UserManagementAppApplication - line = 61|Started UserManagementAppApplication in 6.717 seconds (JVM running for 8.724)
10-02-2021 18:07:54 |INFO ||RMI TCP Connection(1)-127.0.0.1|o.a.c.c.C.[.[.[/] - line = 173|Initializing Spring DispatcherServlet 'dispatcherServlet'
10-02-2021 18:07:54 |INFO ||RMI TCP Connection(1)-127.0.0.1|o.s.w.s.DispatcherServlet - line = 525|Initializing Servlet 'dispatcherServlet'
10-02-2021 18:07:54 |INFO ||RMI TCP Connection(1)-127.0.0.1|o.s.w.s.DispatcherServlet - line = 547|Completed initialization in 1 ms
10-02-2021 18:08:00 |INFO ||SpringContextShutdownHook|o.s.s.c.ThreadPoolTaskExecutor - line = 218|Shutting down ExecutorService 'applicationTaskExecutor'
10-02-2021 18:08:00 |INFO ||SpringContextShutdownHook|o.s.o.j.LocalContainerEntityManagerFactoryBean - line = 651|Closing JPA EntityManagerFactory for persistence unit 'default'
10-02-2021 18:08:00 |INFO ||SpringContextShutdownHook|c.z.h.HikariDataSource - line = 350|HikariPool-1 - Shutdown initiated...
10-02-2021 18:08:00 |INFO ||SpringContextShutdownHook|c.z.h.HikariDataSource - line = 352|HikariPool-1 - Shutdown completed.
